<?xml version="1.0" encoding="UTF-8"?>
<!-- Generated by org.testng.reporters.JUnitXMLReporter -->
<testsuite hostname="L-004299" name="Default test" tests="3" failures="0" timestamp="15 Aug 2016 13:51:55 GMT" time="17.52" errors="0">
  <testcase name="NeuspesnoLogovanje" time="1.723" classname="test.login.TNGAnnotations"/>
  <testcase name="NeuspesnoLogovanje1" time="1.755" classname="test.login.TNGAnnotations"/>
  <testcase name="UspesnoLogovanje" time="4.923" classname="test.login.TNGAnnotations"/>
</testsuite> <!-- Default test -->
