<?xml version="1.0" encoding="UTF-8"?>
<testng-results skipped="0" failed="0" total="1" passed="1">
  <reporter-output>
  </reporter-output>
  <suite name="Default suite" duration-ms="69" started-at="2016-08-12T13:54:16Z" finished-at="2016-08-12T13:54:16Z">
    <groups>
    </groups>
    <test name="Default test" duration-ms="69" started-at="2016-08-12T13:54:16Z" finished-at="2016-08-12T13:54:16Z">
      <class name="test1.DomaciTest">
        <test-method status="PASS" signature="f()[pri:0, instance:test1.DomaciTest@5afa04c]" name="f" duration-ms="21" started-at="2016-08-12T15:54:16Z" finished-at="2016-08-12T15:54:16Z">
          <reporter-output>
          </reporter-output>
        </test-method> <!-- f -->
      </class> <!-- test1.DomaciTest -->
    </test> <!-- Default test -->
  </suite> <!-- Default suite -->
</testng-results>
