<?xml version="1.0" encoding="UTF-8"?>
<testng-results skipped="0" failed="0" total="1" passed="1">
  <reporter-output>
  </reporter-output>
  <suite name="Default suite" duration-ms="17882" started-at="2016-08-08T07:36:05Z" finished-at="2016-08-08T07:36:23Z">
    <groups>
    </groups>
    <test name="Default test" duration-ms="17882" started-at="2016-08-08T07:36:05Z" finished-at="2016-08-08T07:36:23Z">
      <class name="test.LosaSifra">
        <test-method status="PASS" signature="beforeClass()[pri:0, instance:test.LosaSifra@7ac7a4e4]" name="beforeClass" is-config="true" duration-ms="9045" started-at="2016-08-08T09:36:05Z" finished-at="2016-08-08T09:36:14Z">
          <reporter-output>
          </reporter-output>
        </test-method> <!-- beforeClass -->
        <test-method status="PASS" signature="f()[pri:0, instance:test.LosaSifra@7ac7a4e4]" name="f" duration-ms="8135" started-at="2016-08-08T09:36:14Z" finished-at="2016-08-08T09:36:22Z">
          <reporter-output>
          </reporter-output>
        </test-method> <!-- f -->
        <test-method status="PASS" signature="afterClass()[pri:0, instance:test.LosaSifra@7ac7a4e4]" name="afterClass" is-config="true" duration-ms="678" started-at="2016-08-08T09:36:22Z" finished-at="2016-08-08T09:36:23Z">
          <reporter-output>
          </reporter-output>
        </test-method> <!-- afterClass -->
      </class> <!-- test.LosaSifra -->
    </test> <!-- Default test -->
  </suite> <!-- Default suite -->
</testng-results>
