<?xml version="1.0" encoding="UTF-8"?>
<!-- Generated by org.testng.reporters.JUnitReportReporter -->
<testsuite hostname="L-004299" name="test.Test1" tests="1" failures="0" timestamp="5 Aug 2016 10:43:19 GMT" time="0.002" errors="1">
  <testcase name="f" time="0.002" classname="test.Test1">
    <error type="org.openqa.selenium.WebDriverException" message="Failed to connect to binary FirefoxBinary(C:\Program Files (x86)\Mozilla Firefox\firefox.exe) on port 7055; process output follows: 
133	addons.xpi	DEBUG	Updating database with changes to installed add-ons
1470393755133	addons.xpi-utils	DEBUG	Updating add-on states
1470393755134	addons.xpi-utils	DEBUG	Writing add-ons list
1470393755143	addons.xpi	DEBUG	Registering manifest for C:\Program Files (x86)\Mozilla Firefox\browser\features\e10srollout@mozilla.org.xpi
1470393755144	addons.xpi	DEBUG	Calling bootstrap method startup on e10srollout@mozilla.org version 1.0
1470393755144	addons.xpi	DEBUG	Registering manifest for C:\Program Files (x86)\Mozilla Firefox\browser\features\firefox@getpocket.com.xpi
1470393755145	addons.xpi	DEBUG	Calling bootstrap method startup on firefox@getpocket.com version 1.0.4
1470393755146	addons.xpi	DEBUG	Registering manifest for C:\Program Files (x86)\Mozilla Firefox\browser\features\loop@mozilla.org.xpi
1470393755147	addons.xpi	DEBUG	Calling bootstrap method startup on loop@mozilla.org version 1.4.3
1470393755172	addons.manager	DEBUG	Registering shutdown blocker for XPIProvider
1470393755173	addons.manager	DEBUG	Provider finished startup: XPIProvider
1470393755173	addons.manager	DEBUG	Starting provider: LightweightThemeManager
1470393755173	addons.manager	DEBUG	Registering shutdown blocker for LightweightThemeManager
1470393755173	addons.manager	DEBUG	Provider finished startup: LightweightThemeManager
1470393755174	addons.manager	DEBUG	Starting provider: GMPProvider
1470393755181	addons.manager	DEBUG	Registering shutdown blocker for GMPProvider
1470393755181	addons.manager	DEBUG	Provider finished startup: GMPProvider
1470393755182	addons.manager	DEBUG	Starting provider: PluginProvider
1470393755182	addons.manager	DEBUG	Registering shutdown blocker for PluginProvider
1470393755182	addons.manager	DEBUG	Provider finished startup: PluginProvider
1470393755183	addons.manager	DEBUG	Completed startup sequence
1470393756824	addons.manager	DEBUG	Starting provider: &lt;unnamed-provider&gt;
1470393756824	addons.manager	DEBUG	Registering shutdown blocker for &lt;unnamed-provider&gt;
1470393756824	addons.manager	DEBUG	Provider finished startup: &lt;unnamed-provider&gt;
1470393757120	DeferredSave.extensions.json	DEBUG	Write succeeded
1470393757120	addons.xpi-utils	DEBUG	XPI Database saved, setting schema version preference to 17
1470393757120	DeferredSave.extensions.json	DEBUG	Starting timer
1470393757137	addons.repository	DEBUG	No addons.json found.
1470393757138	DeferredSave.addons.json	DEBUG	Save changes
1470393757155	DeferredSave.addons.json	DEBUG	Starting timer
1470393757221	addons.manager	DEBUG	Starting provider: PreviousExperimentProvider
1470393757221	addons.manager	DEBUG	Registering shutdown blocker for PreviousExperimentProvider
1470393757221	addons.manager	DEBUG	Provider finished startup: PreviousExperimentProvider
1470393757224	DeferredSave.extensions.json	DEBUG	Starting write
1470393757227	DeferredSave.addons.json	DEBUG	Starting write
1470393757256	DeferredSave.extensions.json	DEBUG	Write succeeded
1470393757279	DeferredSave.addons.json	DEBUG	Write succeeded
1470393783365	addons.xpi	DEBUG	Calling bootstrap method shutdown on e10srollout@mozilla.org version 1.0
1470393783366	addons.xpi	DEBUG	Calling bootstrap method shutdown on firefox@getpocket.com version 1.0.4
1470393783366	addons.xpi	DEBUG	Calling bootstrap method shutdown on loop@mozilla.org version 1.4.3
1470393783590	addons.manager	DEBUG	shutdown
1470393783591	addons.manager	DEBUG	Calling shutdown blocker for XPIProvider
1470393783591	addons.xpi	DEBUG	shutdown
1470393783591	addons.xpi-utils	DEBUG	shutdown
1470393783592	addons.manager	DEBUG	Calling shutdown blocker for LightweightThemeManager
1470393783592	addons.manager	DEBUG	Calling shutdown blocker for GMPProvider
1470393783595	addons.manager	DEBUG	Calling shutdown blocker for PluginProvider
1470393783595	addons.manager	DEBUG	Calling shutdown blocker for &lt;unnamed-provider&gt;
1470393783598	addons.manager	DEBUG	Calling shutdown blocker for PreviousExperimentProvider
1470393783601	addons.xpi	DEBUG	Notifying XPI shutdown observers
1470393783605	addons.manager	DEBUG	Async provider shutdown done

Build info: version: &#039;2.53.1&#039;, revision: &#039;a36b8b1&#039;, time: &#039;2016-06-30 17:37:03&#039;
System info: host: &#039;L-004299&#039;, ip: &#039;172.17.131.123&#039;, os.name: &#039;Windows 7&#039;, os.arch: &#039;amd64&#039;, os.version: &#039;6.1&#039;, java.version: &#039;1.8.0_101&#039;
Driver info: driver.version: FirefoxDriver">
      <![CDATA[org.openqa.selenium.WebDriverException: Failed to connect to binary FirefoxBinary(C:\Program Files (x86)\Mozilla Firefox\firefox.exe) on port 7055; process output follows: 
133	addons.xpi	DEBUG	Updating database with changes to installed add-ons
1470393755133	addons.xpi-utils	DEBUG	Updating add-on states
1470393755134	addons.xpi-utils	DEBUG	Writing add-ons list
1470393755143	addons.xpi	DEBUG	Registering manifest for C:\Program Files (x86)\Mozilla Firefox\browser\features\e10srollout@mozilla.org.xpi
1470393755144	addons.xpi	DEBUG	Calling bootstrap method startup on e10srollout@mozilla.org version 1.0
1470393755144	addons.xpi	DEBUG	Registering manifest for C:\Program Files (x86)\Mozilla Firefox\browser\features\firefox@getpocket.com.xpi
1470393755145	addons.xpi	DEBUG	Calling bootstrap method startup on firefox@getpocket.com version 1.0.4
1470393755146	addons.xpi	DEBUG	Registering manifest for C:\Program Files (x86)\Mozilla Firefox\browser\features\loop@mozilla.org.xpi
1470393755147	addons.xpi	DEBUG	Calling bootstrap method startup on loop@mozilla.org version 1.4.3
1470393755172	addons.manager	DEBUG	Registering shutdown blocker for XPIProvider
1470393755173	addons.manager	DEBUG	Provider finished startup: XPIProvider
1470393755173	addons.manager	DEBUG	Starting provider: LightweightThemeManager
1470393755173	addons.manager	DEBUG	Registering shutdown blocker for LightweightThemeManager
1470393755173	addons.manager	DEBUG	Provider finished startup: LightweightThemeManager
1470393755174	addons.manager	DEBUG	Starting provider: GMPProvider
1470393755181	addons.manager	DEBUG	Registering shutdown blocker for GMPProvider
1470393755181	addons.manager	DEBUG	Provider finished startup: GMPProvider
1470393755182	addons.manager	DEBUG	Starting provider: PluginProvider
1470393755182	addons.manager	DEBUG	Registering shutdown blocker for PluginProvider
1470393755182	addons.manager	DEBUG	Provider finished startup: PluginProvider
1470393755183	addons.manager	DEBUG	Completed startup sequence
1470393756824	addons.manager	DEBUG	Starting provider: <unnamed-provider>
1470393756824	addons.manager	DEBUG	Registering shutdown blocker for <unnamed-provider>
1470393756824	addons.manager	DEBUG	Provider finished startup: <unnamed-provider>
1470393757120	DeferredSave.extensions.json	DEBUG	Write succeeded
1470393757120	addons.xpi-utils	DEBUG	XPI Database saved, setting schema version preference to 17
1470393757120	DeferredSave.extensions.json	DEBUG	Starting timer
1470393757137	addons.repository	DEBUG	No addons.json found.
1470393757138	DeferredSave.addons.json	DEBUG	Save changes
1470393757155	DeferredSave.addons.json	DEBUG	Starting timer
1470393757221	addons.manager	DEBUG	Starting provider: PreviousExperimentProvider
1470393757221	addons.manager	DEBUG	Registering shutdown blocker for PreviousExperimentProvider
1470393757221	addons.manager	DEBUG	Provider finished startup: PreviousExperimentProvider
1470393757224	DeferredSave.extensions.json	DEBUG	Starting write
1470393757227	DeferredSave.addons.json	DEBUG	Starting write
1470393757256	DeferredSave.extensions.json	DEBUG	Write succeeded
1470393757279	DeferredSave.addons.json	DEBUG	Write succeeded
1470393783365	addons.xpi	DEBUG	Calling bootstrap method shutdown on e10srollout@mozilla.org version 1.0
1470393783366	addons.xpi	DEBUG	Calling bootstrap method shutdown on firefox@getpocket.com version 1.0.4
1470393783366	addons.xpi	DEBUG	Calling bootstrap method shutdown on loop@mozilla.org version 1.4.3
1470393783590	addons.manager	DEBUG	shutdown
1470393783591	addons.manager	DEBUG	Calling shutdown blocker for XPIProvider
1470393783591	addons.xpi	DEBUG	shutdown
1470393783591	addons.xpi-utils	DEBUG	shutdown
1470393783592	addons.manager	DEBUG	Calling shutdown blocker for LightweightThemeManager
1470393783592	addons.manager	DEBUG	Calling shutdown blocker for GMPProvider
1470393783595	addons.manager	DEBUG	Calling shutdown blocker for PluginProvider
1470393783595	addons.manager	DEBUG	Calling shutdown blocker for <unnamed-provider>
1470393783598	addons.manager	DEBUG	Calling shutdown blocker for PreviousExperimentProvider
1470393783601	addons.xpi	DEBUG	Notifying XPI shutdown observers
1470393783605	addons.manager	DEBUG	Async provider shutdown done

Build info: version: '2.53.1', revision: 'a36b8b1', time: '2016-06-30 17:37:03'
System info: host: 'L-004299', ip: '172.17.131.123', os.name: 'Windows 7', os.arch: 'amd64', os.version: '6.1', java.version: '1.8.0_101'
Driver info: driver.version: FirefoxDriver
	at org.openqa.selenium.firefox.internal.NewProfileExtensionConnection.start(NewProfileExtensionConnection.java:124)
	at org.openqa.selenium.firefox.FirefoxDriver.startClient(FirefoxDriver.java:271)
	at org.openqa.selenium.remote.RemoteWebDriver.<init>(RemoteWebDriver.java:119)
	at org.openqa.selenium.firefox.FirefoxDriver.<init>(FirefoxDriver.java:218)
	at org.openqa.selenium.firefox.FirefoxDriver.<init>(FirefoxDriver.java:211)
	at org.openqa.selenium.firefox.FirefoxDriver.<init>(FirefoxDriver.java:207)
	at org.openqa.selenium.firefox.FirefoxDriver.<init>(FirefoxDriver.java:120)
	at test.Test1.beforeTest(Test1.java:19)
	at sun.reflect.NativeMethodAccessorImpl.invoke0(Native Method)
	at sun.reflect.NativeMethodAccessorImpl.invoke(Unknown Source)
	at sun.reflect.DelegatingMethodAccessorImpl.invoke(Unknown Source)
	at java.lang.reflect.Method.invoke(Unknown Source)
	at org.testng.internal.MethodInvocationHelper.invokeMethod(MethodInvocationHelper.java:100)
	at org.testng.internal.Invoker.invokeConfigurationMethod(Invoker.java:515)
	at org.testng.internal.Invoker.invokeConfigurations(Invoker.java:216)
	at org.testng.internal.Invoker.invokeConfigurations(Invoker.java:143)
	at org.testng.internal.TestMethodWorker.invokeBeforeClassMethods(TestMethodWorker.java:169)
	at org.testng.internal.TestMethodWorker.run(TestMethodWorker.java:108)
	at org.testng.TestRunner.privateRun(TestRunner.java:746)
	at org.testng.TestRunner.run(TestRunner.java:600)
	at org.testng.SuiteRunner.runTest(SuiteRunner.java:366)
	at org.testng.SuiteRunner.runSequentially(SuiteRunner.java:361)
	at org.testng.SuiteRunner.privateRun(SuiteRunner.java:319)
	at org.testng.SuiteRunner.run(SuiteRunner.java:268)
	at org.testng.SuiteRunnerWorker.runSuite(SuiteRunnerWorker.java:52)
	at org.testng.SuiteRunnerWorker.run(SuiteRunnerWorker.java:86)
	at org.testng.TestNG.runSuitesSequentially(TestNG.java:1264)
	at org.testng.TestNG.runSuitesLocally(TestNG.java:1189)
	at org.testng.TestNG.runSuites(TestNG.java:1104)
	at org.testng.TestNG.run(TestNG.java:1076)
	at org.testng.remote.AbstractRemoteTestNG.run(AbstractRemoteTestNG.java:126)
	at org.testng.remote.RemoteTestNG.initAndRun(RemoteTestNG.java:152)
	at org.testng.remote.RemoteTestNG.main(RemoteTestNG.java:57)
Caused by: org.openqa.selenium.firefox.NotConnectedException: Unable to connect to host 127.0.0.1 on port 7055 after 45000 ms. Firefox console output:
133	addons.xpi	DEBUG	Updating database with changes to installed add-ons
1470393755133	addons.xpi-utils	DEBUG	Updating add-on states
1470393755134	addons.xpi-utils	DEBUG	Writing add-ons list
1470393755143	addons.xpi	DEBUG	Registering manifest for C:\Program Files (x86)\Mozilla Firefox\browser\features\e10srollout@mozilla.org.xpi
1470393755144	addons.xpi	DEBUG	Calling bootstrap method startup on e10srollout@mozilla.org version 1.0
1470393755144	addons.xpi	DEBUG	Registering manifest for C:\Program Files (x86)\Mozilla Firefox\browser\features\firefox@getpocket.com.xpi
1470393755145	addons.xpi	DEBUG	Calling bootstrap method startup on firefox@getpocket.com version 1.0.4
1470393755146	addons.xpi	DEBUG	Registering manifest for C:\Program Files (x86)\Mozilla Firefox\browser\features\loop@mozilla.org.xpi
1470393755147	addons.xpi	DEBUG	Calling bootstrap method startup on loop@mozilla.org version 1.4.3
1470393755172	addons.manager	DEBUG	Registering shutdown blocker for XPIProvider
1470393755173	addons.manager	DEBUG	Provider finished startup: XPIProvider
1470393755173	addons.manager	DEBUG	Starting provider: LightweightThemeManager
1470393755173	addons.manager	DEBUG	Registering shutdown blocker for LightweightThemeManager
1470393755173	addons.manager	DEBUG	Provider finished startup: LightweightThemeManager
1470393755174	addons.manager	DEBUG	Starting provider: GMPProvider
1470393755181	addons.manager	DEBUG	Registering shutdown blocker for GMPProvider
1470393755181	addons.manager	DEBUG	Provider finished startup: GMPProvider
1470393755182	addons.manager	DEBUG	Starting provider: PluginProvider
1470393755182	addons.manager	DEBUG	Registering shutdown blocker for PluginProvider
1470393755182	addons.manager	DEBUG	Provider finished startup: PluginProvider
1470393755183	addons.manager	DEBUG	Completed startup sequence
1470393756824	addons.manager	DEBUG	Starting provider: <unnamed-provider>
1470393756824	addons.manager	DEBUG	Registering shutdown blocker for <unnamed-provider>
1470393756824	addons.manager	DEBUG	Provider finished startup: <unnamed-provider>
1470393757120	DeferredSave.extensions.json	DEBUG	Write succeeded
1470393757120	addons.xpi-utils	DEBUG	XPI Database saved, setting schema version preference to 17
1470393757120	DeferredSave.extensions.json	DEBUG	Starting timer
1470393757137	addons.repository	DEBUG	No addons.json found.
1470393757138	DeferredSave.addons.json	DEBUG	Save changes
1470393757155	DeferredSave.addons.json	DEBUG	Starting timer
1470393757221	addons.manager	DEBUG	Starting provider: PreviousExperimentProvider
1470393757221	addons.manager	DEBUG	Registering shutdown blocker for PreviousExperimentProvider
1470393757221	addons.manager	DEBUG	Provider finished startup: PreviousExperimentProvider
1470393757224	DeferredSave.extensions.json	DEBUG	Starting write
1470393757227	DeferredSave.addons.json	DEBUG	Starting write
1470393757256	DeferredSave.extensions.json	DEBUG	Write succeeded
1470393757279	DeferredSave.addons.json	DEBUG	Write succeeded
1470393783365	addons.xpi	DEBUG	Calling bootstrap method shutdown on e10srollout@mozilla.org version 1.0
1470393783366	addons.xpi	DEBUG	Calling bootstrap method shutdown on firefox@getpocket.com version 1.0.4
1470393783366	addons.xpi	DEBUG	Calling bootstrap method shutdown on loop@mozilla.org version 1.4.3
1470393783590	addons.manager	DEBUG	shutdown
1470393783591	addons.manager	DEBUG	Calling shutdown blocker for XPIProvider
1470393783591	addons.xpi	DEBUG	shutdown
1470393783591	addons.xpi-utils	DEBUG	shutdown
1470393783592	addons.manager	DEBUG	Calling shutdown blocker for LightweightThemeManager
1470393783592	addons.manager	DEBUG	Calling shutdown blocker for GMPProvider
1470393783595	addons.manager	DEBUG	Calling shutdown blocker for PluginProvider
1470393783595	addons.manager	DEBUG	Calling shutdown blocker for <unnamed-provider>
1470393783598	addons.manager	DEBUG	Calling shutdown blocker for PreviousExperimentProvider
1470393783601	addons.xpi	DEBUG	Notifying XPI shutdown observers
1470393783605	addons.manager	DEBUG	Async provider shutdown done

	at org.openqa.selenium.firefox.internal.NewProfileExtensionConnection.start(NewProfileExtensionConnection.java:112)
	... 32 more
]]>
    </error>
  </testcase> <!-- f -->
</testsuite> <!-- test.Test1 -->
